<?xml version="1.0" encoding="UTF-8"?>
<testsuite xmlns:xsi="http://www.w3.org/2001/XMLSchema-instance" xsi:noNamespaceSchemaLocation="https://maven.apache.org/surefire/maven-surefire-plugin/xsd/surefire-test-report.xsd" name="com.xmh.service.IStudentServiceTest" time="6.157" tests="8" errors="6" skipped="0" failures="0">
  <properties>
[...]
</properties>
  <testcase name="delete" classname="com.xmh.service.IStudentServiceTest" time="1.028">
    <error message="&#10;### Error updating database.  Cause: java.sql.SQLSyntaxErrorException: Table &apos;afs_data.t_student&apos; doesn&apos;t exist&#10;### The error may exist in com/xmh/mapper/StudentMapper.java (best guess)&#10;### The error may involve com.xmh.mapper.StudentMapper.deleteBatchIds-Inline&#10;### The error occurred while setting parameters&#10;### SQL: UPDATE t_student SET deleted=1 WHERE sid IN (   ?  ,  ?  ,  ?  )  AND deleted=0&#10;### Cause: java.sql.SQLSyntaxErrorException: Table &apos;afs_data.t_student&apos; doesn&apos;t exist&#10;; bad SQL grammar []; nested exception is java.sql.SQLSyntaxErrorException: Table &apos;afs_data.t_student&apos; doesn&apos;t exist" type="org.springframework.jdbc.BadSqlGrammarException">org.springframework.jdbc.BadSqlGrammarException: 

### Error updating database.  Cause: java.sql.SQLSyntaxErrorException: Table 'afs_data.t_student' doesn't exist
### The error may exist in com/xmh/mapper/StudentMapper.java (best guess)
### The error may involve com.xmh.mapper.StudentMapper.deleteBatchIds-Inline
### The error occurred while setting parameters
### SQL: UPDATE t_student SET deleted=1 WHERE sid IN (   ?  ,  ?  ,  ?  )  AND deleted=0
### Cause: java.sql.SQLSyntaxErrorException: Table 'afs_data.t_student' doesn't exist
; bad SQL grammar []; nested exception is java.sql.SQLSyntaxErrorException: Table 'afs_data.t_student' doesn't exist
	at com.xmh.service.IStudentServiceTest.delete(IStudentServiceTest.java:47)
Caused by: java.sql.SQLSyntaxErrorException: Table 'afs_data.t_student' doesn't exist
	at com.xmh.service.IStudentServiceTest.delete(IStudentServiceTest.java:47)
</error>
    <system-out><![CDATA[22:19:03.826 [main] DEBUG org.springframework.test.context.BootstrapUtils - Instantiating CacheAwareContextLoaderDelegate from class [org.springframework.test.context.cache.DefaultCacheAwareContextLoaderDelegate]
22:19:03.840 [main] DEBUG org.springframework.test.context.BootstrapUtils - Instantiating BootstrapContext using constructor [public org.springframework.test.context.support.DefaultBootstrapContext(java.lang.Class,org.springframework.test.context.CacheAwareContextLoaderDelegate)]
22:19:03.886 [main] DEBUG org.springframework.test.context.BootstrapUtils - Instantiating TestContextBootstrapper for test class [com.xmh.service.IStudentServiceTest] from class [org.springframework.boot.test.context.SpringBootTestContextBootstrapper]
22:19:03.903 [main] INFO org.springframework.boot.test.context.SpringBootTestContextBootstrapper - Neither @ContextConfiguration nor @ContextHierarchy found for test class [com.xmh.service.IStudentServiceTest], using SpringBootContextLoader
22:19:03.908 [main] DEBUG org.springframework.test.context.support.AbstractContextLoader - Did not detect default resource location for test class [com.xmh.service.IStudentServiceTest]: class path resource [com/xmh/service/IStudentServiceTest-context.xml] does not exist
22:19:03.909 [main] DEBUG org.springframework.test.context.support.AbstractContextLoader - Did not detect default resource location for test class [com.xmh.service.IStudentServiceTest]: class path resource [com/xmh/service/IStudentServiceTestContext.groovy] does not exist
22:19:03.909 [main] INFO org.springframework.test.context.support.AbstractContextLoader - Could not detect default resource locations for test class [com.xmh.service.IStudentServiceTest]: no resource found for suffixes {-context.xml, Context.groovy}.
22:19:03.910 [main] INFO org.springframework.test.context.support.AnnotationConfigContextLoaderUtils - Could not detect default configuration classes for test class [com.xmh.service.IStudentServiceTest]: IStudentServiceTest does not declare any static, non-private, non-final, nested classes annotated with @Configuration.
22:19:03.968 [main] DEBUG org.springframework.test.context.support.ActiveProfilesUtils - Could not find an 'annotation declaring class' for annotation type [org.springframework.test.context.ActiveProfiles] and class [com.xmh.service.IStudentServiceTest]
22:19:04.059 [main] DEBUG org.springframework.context.annotation.ClassPathScanningCandidateComponentProvider - Identified candidate component class: file [D:\Code Files\Vue File\Temu_Project\AFS_SpringBoot_Product\target\classes\com\xmh\MySpringBootApplication.class]
22:19:04.060 [main] INFO org.springframework.boot.test.context.SpringBootTestContextBootstrapper - Found @SpringBootConfiguration com.xmh.MySpringBootApplication for test class com.xmh.service.IStudentServiceTest
22:19:04.202 [main] DEBUG org.springframework.boot.test.context.SpringBootTestContextBootstrapper - @TestExecutionListeners is not present for class [com.xmh.service.IStudentServiceTest]: using defaults.
22:19:04.203 [main] INFO org.springframework.boot.test.context.SpringBootTestContextBootstrapper - Loaded default TestExecutionListener class names from location [META-INF/spring.factories]: [org.springframework.boot.test.mock.mockito.MockitoTestExecutionListener, org.springframework.boot.test.mock.mockito.ResetMocksTestExecutionListener, org.springframework.boot.test.autoconfigure.restdocs.RestDocsTestExecutionListener, org.springframework.boot.test.autoconfigure.web.client.MockRestServiceServerResetTestExecutionListener, org.springframework.boot.test.autoconfigure.web.servlet.MockMvcPrintOnlyOnFailureTestExecutionListener, org.springframework.boot.test.autoconfigure.web.servlet.WebDriverTestExecutionListener, org.springframework.boot.test.autoconfigure.webservices.client.MockWebServiceServerTestExecutionListener, org.springframework.test.context.web.ServletTestExecutionListener, org.springframework.test.context.support.DirtiesContextBeforeModesTestExecutionListener, org.springframework.test.context.event.ApplicationEventsTestExecutionListener, org.springframework.test.context.support.DependencyInjectionTestExecutionListener, org.springframework.test.context.support.DirtiesContextTestExecutionListener, org.springframework.test.context.transaction.TransactionalTestExecutionListener, org.springframework.test.context.jdbc.SqlScriptsTestExecutionListener, org.springframework.test.context.event.EventPublishingTestExecutionListener]
22:19:04.229 [main] INFO org.springframework.boot.test.context.SpringBootTestContextBootstrapper - Using TestExecutionListeners: [org.springframework.test.context.web.ServletTestExecutionListener@17bffc17, org.springframework.test.context.support.DirtiesContextBeforeModesTestExecutionListener@6e535154, org.springframework.test.context.event.ApplicationEventsTestExecutionListener@15a34df2, org.springframework.boot.test.mock.mockito.MockitoTestExecutionListener@5b38c1ec, org.springframework.boot.test.autoconfigure.SpringBootDependencyInjectionTestExecutionListener@338fc1d8, org.springframework.test.context.support.DirtiesContextTestExecutionListener@4722ef0c, org.springframework.test.context.transaction.TransactionalTestExecutionListener@48e1f6c7, org.springframework.test.context.jdbc.SqlScriptsTestExecutionListener@55cb6996, org.springframework.test.context.event.EventPublishingTestExecutionListener@1807e3f6, org.springframework.boot.test.mock.mockito.ResetMocksTestExecutionListener@480d3575, org.springframework.boot.test.autoconfigure.restdocs.RestDocsTestExecutionListener@f1da57d, org.springframework.boot.test.autoconfigure.web.client.MockRestServiceServerResetTestExecutionListener@194fad1, org.springframework.boot.test.autoconfigure.web.servlet.MockMvcPrintOnlyOnFailureTestExecutionListener@26abb146, org.springframework.boot.test.autoconfigure.web.servlet.WebDriverTestExecutionListener@72c8e7b, org.springframework.boot.test.autoconfigure.webservices.client.MockWebServiceServerTestExecutionListener@65f8f5ae]
22:19:04.234 [main] DEBUG org.springframework.test.context.support.AbstractDirtiesContextTestExecutionListener - Before test class: context [DefaultTestContext@1c742ed4 testClass = IStudentServiceTest, testInstance = [null], testMethod = [null], testException = [null], mergedContextConfiguration = [WebMergedContextConfiguration@333d4a8c testClass = IStudentServiceTest, locations = '{}', classes = '{class com.xmh.MySpringBootApplication}', contextInitializerClasses = '[]', activeProfiles = '{}', propertySourceLocations = '{}', propertySourceProperties = '{org.springframework.boot.test.context.SpringBootTestContextBootstrapper=true}', contextCustomizers = set[org.springframework.boot.test.context.filter.ExcludeFilterContextCustomizer@2f9f7dcf, org.springframework.boot.test.json.DuplicateJsonObjectContextCustomizerFactory$DuplicateJsonObjectContextCustomizer@4f83df68, org.springframework.boot.test.mock.mockito.MockitoContextCustomizer@0, org.springframework.boot.test.web.client.TestRestTemplateContextCustomizer@2a4fb17b, org.springframework.boot.test.autoconfigure.actuate.metrics.MetricsExportContextCustomizerFactory$DisableMetricExportContextCustomizer@4d5d943d, org.springframework.boot.test.autoconfigure.properties.PropertyMappingContextCustomizer@0, org.springframework.boot.test.autoconfigure.web.servlet.WebDriverContextCustomizerFactory$Customizer@33d512c1, org.springframework.boot.test.context.SpringBootTestArgs@1, org.springframework.boot.test.context.SpringBootTestWebEnvironment@7cd62f43], resourceBasePath = 'src/main/webapp', contextLoader = 'org.springframework.boot.test.context.SpringBootContextLoader', parent = [null]], attributes = map['org.springframework.test.context.web.ServletTestExecutionListener.activateListener' -> true]], class annotated with @DirtiesContext [false] with mode [null].

  .   ____          _            __ _ _
 /\\ / ___'_ __ _ _(_)_ __  __ _ \ \ \ \
( ( )\___ | '_ | '_| | '_ \/ _` | \ \ \ \
 \\/  ___)| |_)| | | | | || (_| |  ) ) ) )
  '  |____| .__|_| |_|_| |_\__, | / / / /
 =========|_|==============|___/=/_/_/_/
 :: Spring Boot ::                (v2.7.6)

2025-03-30 22:19:04.725  INFO 28472 --- [           main] com.xmh.service.IStudentServiceTest      : Starting IStudentServiceTest using Java 1.8.0_144 on PC-20250210LGUP with PID 28472 (started by Administrator in D:\Code Files\Vue File\Temu_Project\AFS_SpringBoot_Product)
2025-03-30 22:19:04.726  INFO 28472 --- [           main] com.xmh.service.IStudentServiceTest      : No active profile set, falling back to 1 default profile: "default"
Logging initialized using 'class org.apache.ibatis.logging.stdout.StdOutImpl' adapter.
Registered plugin: 'AbstractSqlParserHandler(sqlParserList=null, sqlParserFilter=null)'
Parsed mapper file: 'file [D:\Code Files\Vue File\Temu_Project\AFS_SpringBoot_Product\target\classes\mapper\ClassMapper.xml]'
Parsed mapper file: 'file [D:\Code Files\Vue File\Temu_Project\AFS_SpringBoot_Product\target\classes\mapper\ProductDetailsMapper.xml]'
Parsed mapper file: 'file [D:\Code Files\Vue File\Temu_Project\AFS_SpringBoot_Product\target\classes\mapper\ProductMapper.xml]'
Parsed mapper file: 'file [D:\Code Files\Vue File\Temu_Project\AFS_SpringBoot_Product\target\classes\mapper\StudentMapper.xml]'
Can not find table primary key in Class: "com.xmh.model.Login".
2025-03-30 22:19:08.650  INFO 28472 --- [           main] com.xmh.service.IStudentServiceTest      : Started IStudentServiceTest in 4.358 seconds (JVM running for 5.572)
Creating a new SqlSession
SqlSession [org.apache.ibatis.session.defaults.DefaultSqlSession@1b482cbf] was not registered for synchronization because synchronization is not active
2025-03-30 22:19:09.073  INFO 28472 --- [           main] com.zaxxer.hikari.HikariDataSource       : HikariPool-1 - Starting...
2025-03-30 22:19:09.520  INFO 28472 --- [           main] com.zaxxer.hikari.HikariDataSource       : HikariPool-1 - Start completed.
JDBC Connection [HikariProxyConnection@2089858999 wrapping com.mysql.cj.jdbc.ConnectionImpl@5d7911d5] will not be managed by Spring
==>  Preparing: UPDATE t_student SET deleted=1 WHERE sid IN ( ? , ? , ? ) AND deleted=0 
==> Parameters: 7(String), 8(String), 9(String)
Closing non transactional SqlSession [org.apache.ibatis.session.defaults.DefaultSqlSession@1b482cbf]
]]></system-out>
  </testcase>
  <testcase name="insert" classname="com.xmh.service.IStudentServiceTest" time="0.052">
    <error message="&#10;### Error updating database.  Cause: java.sql.SQLSyntaxErrorException: Table &apos;afs_data.t_student&apos; doesn&apos;t exist&#10;### The error may exist in com/xmh/mapper/StudentMapper.java (best guess)&#10;### The error may involve com.xmh.mapper.StudentMapper.insert-Inline&#10;### The error occurred while setting parameters&#10;### SQL: INSERT INTO t_student  ( sid, sname, sex, age, cid, great_time )  VALUES  ( ?, ?, ?, ?, ?, ? )&#10;### Cause: java.sql.SQLSyntaxErrorException: Table &apos;afs_data.t_student&apos; doesn&apos;t exist&#10;; bad SQL grammar []; nested exception is java.sql.SQLSyntaxErrorException: Table &apos;afs_data.t_student&apos; doesn&apos;t exist" type="org.springframework.jdbc.BadSqlGrammarException">org.springframework.jdbc.BadSqlGrammarException: 

### Error updating database.  Cause: java.sql.SQLSyntaxErrorException: Table 'afs_data.t_student' doesn't exist
### The error may exist in com/xmh/mapper/StudentMapper.java (best guess)
### The error may involve com.xmh.mapper.StudentMapper.insert-Inline
### The error occurred while setting parameters
### SQL: INSERT INTO t_student  ( sid, sname, sex, age, cid, great_time )  VALUES  ( ?, ?, ?, ?, ?, ? )
### Cause: java.sql.SQLSyntaxErrorException: Table 'afs_data.t_student' doesn't exist
; bad SQL grammar []; nested exception is java.sql.SQLSyntaxErrorException: Table 'afs_data.t_student' doesn't exist
	at com.xmh.service.IStudentServiceTest.insert(IStudentServiceTest.java:33)
Caused by: java.sql.SQLSyntaxErrorException: Table 'afs_data.t_student' doesn't exist
	at com.xmh.service.IStudentServiceTest.insert(IStudentServiceTest.java:33)
</error>
    <system-out><![CDATA[Creating a new SqlSession
SqlSession [org.apache.ibatis.session.defaults.DefaultSqlSession@5f726750] was not registered for synchronization because synchronization is not active
添加方法...自动填充更新和插入时间
JDBC Connection [HikariProxyConnection@1938974193 wrapping com.mysql.cj.jdbc.ConnectionImpl@5d7911d5] will not be managed by Spring
==>  Preparing: INSERT INTO t_student ( sid, sname, sex, age, cid, great_time ) VALUES ( ?, ?, ?, ?, ?, ? ) 
==> Parameters: 1906350489842503682(String), 赵框(String), 男(String), 24(Integer), 1(Integer), 2025-03-30 22:19:09.716(Timestamp)
Closing non transactional SqlSession [org.apache.ibatis.session.defaults.DefaultSqlSession@5f726750]
]]></system-out>
  </testcase>
  <testcase name="ConditionalQuery" classname="com.xmh.service.IStudentServiceTest" time="0.003"/>
  <testcase name="findOne" classname="com.xmh.service.IStudentServiceTest" time="0.026">
    <error message="&#10;### Error querying database.  Cause: java.sql.SQLSyntaxErrorException: Table &apos;afs_data.t_student&apos; doesn&apos;t exist&#10;### The error may exist in com/xmh/mapper/StudentMapper.java (best guess)&#10;### The error may involve defaultParameterMap&#10;### The error occurred while setting parameters&#10;### SQL: SELECT sid,sname,sex,age,cid,great_time,update_time,deleted FROM t_student WHERE sid=?  AND deleted=0&#10;### Cause: java.sql.SQLSyntaxErrorException: Table &apos;afs_data.t_student&apos; doesn&apos;t exist&#10;; bad SQL grammar []; nested exception is java.sql.SQLSyntaxErrorException: Table &apos;afs_data.t_student&apos; doesn&apos;t exist" type="org.springframework.jdbc.BadSqlGrammarException">org.springframework.jdbc.BadSqlGrammarException: 

### Error querying database.  Cause: java.sql.SQLSyntaxErrorException: Table 'afs_data.t_student' doesn't exist
### The error may exist in com/xmh/mapper/StudentMapper.java (best guess)
### The error may involve defaultParameterMap
### The error occurred while setting parameters
### SQL: SELECT sid,sname,sex,age,cid,great_time,update_time,deleted FROM t_student WHERE sid=?  AND deleted=0
### Cause: java.sql.SQLSyntaxErrorException: Table 'afs_data.t_student' doesn't exist
; bad SQL grammar []; nested exception is java.sql.SQLSyntaxErrorException: Table 'afs_data.t_student' doesn't exist
	at com.xmh.service.IStudentServiceTest.findOne(IStudentServiceTest.java:61)
Caused by: java.sql.SQLSyntaxErrorException: Table 'afs_data.t_student' doesn't exist
	at com.xmh.service.IStudentServiceTest.findOne(IStudentServiceTest.java:61)
</error>
    <system-out><![CDATA[Creating a new SqlSession
SqlSession [org.apache.ibatis.session.defaults.DefaultSqlSession@5f025000] was not registered for synchronization because synchronization is not active
JDBC Connection [HikariProxyConnection@1096648926 wrapping com.mysql.cj.jdbc.ConnectionImpl@5d7911d5] will not be managed by Spring
==>  Preparing: SELECT sid,sname,sex,age,cid,great_time,update_time,deleted FROM t_student WHERE sid=? AND deleted=0 
==> Parameters: 1622431204575850497(String)
Closing non transactional SqlSession [org.apache.ibatis.session.defaults.DefaultSqlSession@5f025000]
]]></system-out>
  </testcase>
  <testcase name="deleteOne" classname="com.xmh.service.IStudentServiceTest" time="0.038">
    <error message="&#10;### Error updating database.  Cause: java.sql.SQLSyntaxErrorException: Table &apos;afs_data.t_student&apos; doesn&apos;t exist&#10;### The error may exist in com/xmh/mapper/StudentMapper.java (best guess)&#10;### The error may involve com.xmh.mapper.StudentMapper.deleteById-Inline&#10;### The error occurred while setting parameters&#10;### SQL: UPDATE t_student SET deleted=1 WHERE sid=?  AND deleted=0&#10;### Cause: java.sql.SQLSyntaxErrorException: Table &apos;afs_data.t_student&apos; doesn&apos;t exist&#10;; bad SQL grammar []; nested exception is java.sql.SQLSyntaxErrorException: Table &apos;afs_data.t_student&apos; doesn&apos;t exist" type="org.springframework.jdbc.BadSqlGrammarException">org.springframework.jdbc.BadSqlGrammarException: 

### Error updating database.  Cause: java.sql.SQLSyntaxErrorException: Table 'afs_data.t_student' doesn't exist
### The error may exist in com/xmh/mapper/StudentMapper.java (best guess)
### The error may involve com.xmh.mapper.StudentMapper.deleteById-Inline
### The error occurred while setting parameters
### SQL: UPDATE t_student SET deleted=1 WHERE sid=?  AND deleted=0
### Cause: java.sql.SQLSyntaxErrorException: Table 'afs_data.t_student' doesn't exist
; bad SQL grammar []; nested exception is java.sql.SQLSyntaxErrorException: Table 'afs_data.t_student' doesn't exist
	at com.xmh.service.IStudentServiceTest.deleteOne(IStudentServiceTest.java:40)
Caused by: java.sql.SQLSyntaxErrorException: Table 'afs_data.t_student' doesn't exist
	at com.xmh.service.IStudentServiceTest.deleteOne(IStudentServiceTest.java:40)
</error>
    <system-out><![CDATA[Creating a new SqlSession
SqlSession [org.apache.ibatis.session.defaults.DefaultSqlSession@a0bf272] was not registered for synchronization because synchronization is not active
JDBC Connection [HikariProxyConnection@1250553668 wrapping com.mysql.cj.jdbc.ConnectionImpl@5d7911d5] will not be managed by Spring
==>  Preparing: UPDATE t_student SET deleted=1 WHERE sid=? AND deleted=0 
==> Parameters: 1622431204575850497(String)
Closing non transactional SqlSession [org.apache.ibatis.session.defaults.DefaultSqlSession@a0bf272]
]]></system-out>
  </testcase>
  <testcase name="updateS" classname="com.xmh.service.IStudentServiceTest" time="0.044">
    <error message="&#10;### Error updating database.  Cause: java.sql.SQLSyntaxErrorException: Table &apos;afs_data.t_student&apos; doesn&apos;t exist&#10;### The error may exist in com/xmh/mapper/StudentMapper.java (best guess)&#10;### The error may involve com.xmh.mapper.StudentMapper.updateById-Inline&#10;### The error occurred while setting parameters&#10;### SQL: UPDATE t_student  SET sname=?,    great_time=?, update_time=?  WHERE sid=?  AND deleted=0&#10;### Cause: java.sql.SQLSyntaxErrorException: Table &apos;afs_data.t_student&apos; doesn&apos;t exist&#10;; bad SQL grammar []; nested exception is java.sql.SQLSyntaxErrorException: Table &apos;afs_data.t_student&apos; doesn&apos;t exist" type="org.springframework.jdbc.BadSqlGrammarException">org.springframework.jdbc.BadSqlGrammarException: 

### Error updating database.  Cause: java.sql.SQLSyntaxErrorException: Table 'afs_data.t_student' doesn't exist
### The error may exist in com/xmh/mapper/StudentMapper.java (best guess)
### The error may involve com.xmh.mapper.StudentMapper.updateById-Inline
### The error occurred while setting parameters
### SQL: UPDATE t_student  SET sname=?,    great_time=?, update_time=?  WHERE sid=?  AND deleted=0
### Cause: java.sql.SQLSyntaxErrorException: Table 'afs_data.t_student' doesn't exist
; bad SQL grammar []; nested exception is java.sql.SQLSyntaxErrorException: Table 'afs_data.t_student' doesn't exist
	at com.xmh.service.IStudentServiceTest.updateS(IStudentServiceTest.java:55)
Caused by: java.sql.SQLSyntaxErrorException: Table 'afs_data.t_student' doesn't exist
	at com.xmh.service.IStudentServiceTest.updateS(IStudentServiceTest.java:55)
</error>
    <system-out><![CDATA[Creating a new SqlSession
SqlSession [org.apache.ibatis.session.defaults.DefaultSqlSession@310a7859] was not registered for synchronization because synchronization is not active
修改方法....自动填充更新和插入时间
JDBC Connection [HikariProxyConnection@621209929 wrapping com.mysql.cj.jdbc.ConnectionImpl@5d7911d5] will not be managed by Spring
==>  Preparing: UPDATE t_student SET sname=?, great_time=?, update_time=? WHERE sid=? AND deleted=0 
==> Parameters: 老王(String), null, 2025-03-30 22:19:09.836(Timestamp), 7(String)
Closing non transactional SqlSession [org.apache.ibatis.session.defaults.DefaultSqlSession@310a7859]
]]></system-out>
  </testcase>
  <testcase name="ConditionalQuery2" classname="com.xmh.service.IStudentServiceTest" time="0.003"/>
  <testcase name="FindAll" classname="com.xmh.service.IStudentServiceTest" time="0.036">
    <error message="&#10;### Error querying database.  Cause: java.sql.SQLSyntaxErrorException: Table &apos;afs_data.t_student&apos; doesn&apos;t exist&#10;### The error may exist in com/xmh/mapper/StudentMapper.java (best guess)&#10;### The error may involve defaultParameterMap&#10;### The error occurred while setting parameters&#10;### SQL: SELECT  sid,sname,sex,age,cid,great_time,update_time,deleted  FROM t_student   WHERE  deleted=0&#10;### Cause: java.sql.SQLSyntaxErrorException: Table &apos;afs_data.t_student&apos; doesn&apos;t exist&#10;; bad SQL grammar []; nested exception is java.sql.SQLSyntaxErrorException: Table &apos;afs_data.t_student&apos; doesn&apos;t exist" type="org.springframework.jdbc.BadSqlGrammarException">org.springframework.jdbc.BadSqlGrammarException: 

### Error querying database.  Cause: java.sql.SQLSyntaxErrorException: Table 'afs_data.t_student' doesn't exist
### The error may exist in com/xmh/mapper/StudentMapper.java (best guess)
### The error may involve defaultParameterMap
### The error occurred while setting parameters
### SQL: SELECT  sid,sname,sex,age,cid,great_time,update_time,deleted  FROM t_student   WHERE  deleted=0
### Cause: java.sql.SQLSyntaxErrorException: Table 'afs_data.t_student' doesn't exist
; bad SQL grammar []; nested exception is java.sql.SQLSyntaxErrorException: Table 'afs_data.t_student' doesn't exist
	at com.xmh.service.IStudentServiceTest.FindAll(IStudentServiceTest.java:68)
Caused by: java.sql.SQLSyntaxErrorException: Table 'afs_data.t_student' doesn't exist
	at com.xmh.service.IStudentServiceTest.FindAll(IStudentServiceTest.java:68)
</error>
    <system-out><![CDATA[Creating a new SqlSession
SqlSession [org.apache.ibatis.session.defaults.DefaultSqlSession@57f8951a] was not registered for synchronization because synchronization is not active
JDBC Connection [HikariProxyConnection@1096433514 wrapping com.mysql.cj.jdbc.ConnectionImpl@5d7911d5] will not be managed by Spring
==>  Preparing: SELECT sid,sname,sex,age,cid,great_time,update_time,deleted FROM t_student WHERE deleted=0 
==> Parameters: 
Closing non transactional SqlSession [org.apache.ibatis.session.defaults.DefaultSqlSession@57f8951a]
]]></system-out>
  </testcase>
</testsuite>